This file contains any messages produced by compilers while
running configure, to aid debugging if configure makes a mistake.

It was created by rtems-c-src-tests-samples configure 4.10.99.0, which was
generated by GNU Autoconf 2.69.  Invocation command line was

  $ ../../../../../../rtems/c/src/../../testsuites/samples/configure --disable-option-checking --prefix=/home/develop/smbshare/rtems-work/rtems_build/../rtems_stm32f4xx --host=arm-rtems4.11 --build=i686-pc-linux-gnu --target=arm-rtems4.11 --disable-maintainer-mode --disable-multiprocessing --disable-posix --disable-networking --enable-cxx --enable-tests=samples --enable-rtems-debug --disable-multilib --disable-paravirt --disable-drvmgr --disable-docs STM32F4XX_FAMILY_STM32F469_479xx=1 STM32F4XX_HSE_OSCILLATOR=8000000 STM32F4XX_ENABLE_USART_3=1 STM32F4XX_ENABLE_USART_6=1 STM32F4XX_ENABLE_LED_1=1 STM32F4XX_ENABLE_LED_2=1 STM32F4XX_ENABLE_LED_3=1 STM32F4XX_ENABLE_LED_4=1 USE_STDPERIPH_DRIVER=1 ARM_MULTILIB_ARCH_V7M=1 --with-target-subdir=arm-rtems4.11 --exec-prefix=/home/develop/smbshare/rtems-work/rtems_build/../rtems_stm32f4xx/arm-rtems4.11 --includedir=/home/develop/smbshare/rtems-work/rtems_build/../rtems_stm32f4xx/arm-rtems4.11/include build_alias=i686-pc-linux-gnu host_alias=arm-rtems4.11 target_alias=arm-rtems4.11 --with-project-root=../../ --with-project-top=../../ RTEMS_BSP=stm32f4xx RTEMS_BSP_FAMILY=stm32f4xx CFLAGS=-march=armv7-m -mthumb -mtune=cortex-m4 -O2 -g -fdata-sections -ffunction-sections -Wall -Wmissing-prototypes -Wimplicit-function-declaration -Wstrict-prototypes -Wnested-externs --enable-rtems-root=../ --enable-project-root=../../../stm32f4xx --with-project-top=../../../ --enable-rtemsbsp=stm32f4xx --includedir=/home/develop/smbshare/rtems-work/rtems_build/../rtems_stm32f4xx/arm-rtems4.11/stm32f4xx/lib/include --libdir=/home/develop/smbshare/rtems-work/rtems_build/../rtems_stm32f4xx/arm-rtems4.11/stm32f4xx/lib --cache-file=/dev/null --srcdir=../../../../../../rtems/c/src/../../testsuites/samples

## --------- ##
## Platform. ##
## --------- ##

hostname = localhost.localdomain
uname -m = i686
uname -r = 2.6.32-504.12.2.el6.i686
uname -s = Linux
uname -v = #1 SMP Wed Mar 11 19:05:53 UTC 2015

/usr/bin/uname -p = unknown
/bin/uname -X     = unknown

/bin/arch              = i686
/usr/bin/arch -k       = unknown
/usr/convex/getsysinfo = unknown
/usr/bin/hostinfo      = unknown
/bin/machine           = unknown
/usr/bin/oslevel       = unknown
/bin/universe          = unknown

PATH: /home/develop/bin/arm-rtems4.11/bin
PATH: /opt/ecos/gnutools/arm-eabi/bin
PATH: /home/develop/bin/arm-rtems4.11/bin
PATH: /usr/lib/qt-3.3/bin
PATH: /usr/local/bin
PATH: /usr/bin
PATH: /bin
PATH: /usr/local/sbin
PATH: /usr/sbin
PATH: /sbin
PATH: /home/develop/bin


## ----------- ##
## Core tests. ##
## ----------- ##

configure:2459: checking for gmake
configure:2475: found /usr/bin/gmake
configure:2486: result: gmake
configure:2585: checking build system type
configure:2599: result: i686-pc-linux-gnu
configure:2619: checking host system type
configure:2632: result: arm-unknown-rtems4.11
configure:2653: checking rtems target cpu
configure:2662: result: arm
configure:2688: checking for a BSD-compatible install
configure:2756: result: /usr/bin/install -c
configure:2767: checking whether build environment is sane
configure:2822: result: yes
configure:2881: checking for arm-rtems4.11-strip
configure:2897: found /home/develop/bin/arm-rtems4.11/bin/arm-rtems4.11-strip
configure:2908: result: arm-rtems4.11-strip
configure:2973: checking for a thread-safe mkdir -p
configure:3012: result: /bin/mkdir -p
configure:3019: checking for gawk
configure:3035: found /usr/bin/gawk
configure:3046: result: gawk
configure:3057: checking whether gmake sets $(MAKE)
configure:3079: result: yes
configure:3148: checking whether to enable maintainer-specific portions of Makefiles
configure:3157: result: no
configure:3189: checking for RTEMS_BSP
configure:3201: result: stm32f4xx
configure:3237: checking for style of include used by gmake
configure:3265: result: GNU
configure:3301: checking for arm-rtems4.11-gcc
configure:3317: found /home/develop/bin/arm-rtems4.11/bin/arm-rtems4.11-gcc
configure:3328: result: arm-rtems4.11-gcc
configure:3347: checking for arm-rtems4.11-gcc
configure:3374: result: arm-rtems4.11-gcc
configure:3643: checking for C compiler version
configure:3652: arm-rtems4.11-gcc --version >&5
arm-rtems4.11-gcc (GCC) 4.9.3 20150626 (RTEMS 4.11, RSB 6b0d76cc9b43ac5aacb4ed87cabece1aa81c2b83, Newlib 2.2.0.20150423)
Copyright (C) 2015 Free Software Foundation, Inc.
This is free software; see the source for copying conditions.  There is NO
warranty; not even for MERCHANTABILITY or FITNESS FOR A PARTICULAR PURPOSE.

configure:3663: $? = 0
configure:3652: arm-rtems4.11-gcc -v >&5
Using built-in specs.
COLLECT_GCC=arm-rtems4.11-gcc
COLLECT_LTO_WRAPPER=/home/develop/bin/arm-rtems4.11/libexec/gcc/arm-rtems4.11/4.9.3/lto-wrapper
Target: arm-rtems4.11
Configured with: ../gcc-4.9.3/configure --prefix=/home/develop/bin/arm-rtems4.11 --bindir=/home/develop/bin/arm-rtems4.11/bin --exec_prefix=/home/develop/bin/arm-rtems4.11 --includedir=/home/develop/bin/arm-rtems4.11/include --libdir=/home/develop/bin/arm-rtems4.11/lib --libexecdir=/home/develop/bin/arm-rtems4.11/libexec --mandir=/home/develop/bin/arm-rtems4.11/share/man --infodir=/home/develop/bin/arm-rtems4.11/share/info --datadir=/home/develop/bin/arm-rtems4.11/share --build=i686-linux-gnu --host=i686-linux-gnu --target=arm-rtems4.11 --disable-libstdcxx-pch --with-gnu-as --with-gnu-ld --verbose --with-newlib --with-system-zlib --disable-nls --without-included-gettext --disable-win32-registry --enable-version-specific-runtime-libs --disable-lto --enable-newlib-io-c99-formats --enable-newlib-iconv --enable-newlib-iconv-encodings=big5,cp775,cp850,cp852,cp855,cp866,euc_jp,euc_kr,euc_tw,iso_8859_1,iso_8859_10,iso_8859_11,iso_8859_13,iso_8859_14,iso_8859_15,iso_8859_2,iso_8859_3,iso_8859_4,iso_8859_5,iso_8859_6,iso_8859_7,iso_8859_8,iso_8859_9,iso_ir_111,koi8_r,koi8_ru,koi8_u,koi8_uni,ucs_2,ucs_2_internal,ucs_2be,ucs_2le,ucs_4,ucs_4_internal,ucs_4be,ucs_4le,us_ascii,utf_16,utf_16be,utf_16le,utf_8,win_1250,win_1251,win_1252,win_1253,win_1254,win_1255,win_1256,win_1257,win_1258 --enable-threads --disable-plugin --enable-obsolete --enable-libgomp --enable-languages=c,c++
Thread model: rtems
gcc version 4.9.3 20150626 (RTEMS 4.11, RSB 6b0d76cc9b43ac5aacb4ed87cabece1aa81c2b83, Newlib 2.2.0.20150423) (GCC) 
configure:3663: $? = 0
configure:3652: arm-rtems4.11-gcc -V >&5
arm-rtems4.11-gcc: error: unrecognized command line option '-V'
arm-rtems4.11-gcc: fatal error: no input files
compilation terminated.
configure:3663: $? = 1
configure:3652: arm-rtems4.11-gcc -qversion >&5
arm-rtems4.11-gcc: error: unrecognized command line option '-qversion'
arm-rtems4.11-gcc: fatal error: no input files
compilation terminated.
configure:3663: $? = 1
configure:3683: checking whether the C compiler works
configure:3705: arm-rtems4.11-gcc -march=armv7-m -mthumb -mtune=cortex-m4 -O2 -g -fdata-sections -ffunction-sections -Wall -Wmissing-prototypes -Wimplicit-function-declaration -Wstrict-prototypes -Wnested-externs   conftest.c  >&5
conftest.c:11:1: warning: function declaration isn't a prototype [-Wstrict-prototypes]
 main ()
 ^
/home/develop/bin/arm-rtems4.11/lib/gcc/arm-rtems4.11/4.9.3/../../../../arm-rtems4.11/bin/ld: warning: cannot find entry symbol _start; defaulting to 00008000
configure:3709: $? = 0
configure:3757: result: yes
configure:3760: checking for C compiler default output file name
configure:3762: result: a.out
configure:3768: checking for suffix of executables
configure:3775: arm-rtems4.11-gcc -o conftest.exe -march=armv7-m -mthumb -mtune=cortex-m4 -O2 -g -fdata-sections -ffunction-sections -Wall -Wmissing-prototypes -Wimplicit-function-declaration -Wstrict-prototypes -Wnested-externs   conftest.c  >&5
conftest.c:11:1: warning: function declaration isn't a prototype [-Wstrict-prototypes]
 main ()
 ^
/home/develop/bin/arm-rtems4.11/lib/gcc/arm-rtems4.11/4.9.3/../../../../arm-rtems4.11/bin/ld: warning: cannot find entry symbol _start; defaulting to 00008000
configure:3779: $? = 0
configure:3801: result: .exe
configure:3823: checking whether we are cross compiling
configure:3861: result: yes
configure:3866: checking for suffix of object files
configure:3888: arm-rtems4.11-gcc -c -march=armv7-m -mthumb -mtune=cortex-m4 -O2 -g -fdata-sections -ffunction-sections -Wall -Wmissing-prototypes -Wimplicit-function-declaration -Wstrict-prototypes -Wnested-externs  conftest.c >&5
conftest.c:11:1: warning: function declaration isn't a prototype [-Wstrict-prototypes]
 main ()
 ^
configure:3892: $? = 0
configure:3913: result: o
configure:3917: checking whether we are using the GNU C compiler
configure:3936: arm-rtems4.11-gcc -c -march=armv7-m -mthumb -mtune=cortex-m4 -O2 -g -fdata-sections -ffunction-sections -Wall -Wmissing-prototypes -Wimplicit-function-declaration -Wstrict-prototypes -Wnested-externs  conftest.c >&5
conftest.c:11:1: warning: function declaration isn't a prototype [-Wstrict-prototypes]
 main ()
 ^
configure:3936: $? = 0
configure:3945: result: yes
configure:3954: checking whether arm-rtems4.11-gcc accepts -g
configure:3974: arm-rtems4.11-gcc -c -g  conftest.c >&5
configure:3974: $? = 0
configure:4015: result: yes
configure:4032: checking for arm-rtems4.11-gcc option to accept ISO C89
configure:4095: arm-rtems4.11-gcc  -c -march=armv7-m -mthumb -mtune=cortex-m4 -O2 -g -fdata-sections -ffunction-sections -Wall -Wmissing-prototypes -Wimplicit-function-declaration -Wstrict-prototypes -Wnested-externs  conftest.c >&5
conftest.c:15:14: warning: function declaration isn't a prototype [-Wstrict-prototypes]
 static char *e (p, i)
              ^
conftest.c:52:1: warning: function declaration isn't a prototype [-Wstrict-prototypes]
 main ()
 ^
configure:4095: $? = 0
configure:4108: result: none needed
configure:4130: checking dependency style of arm-rtems4.11-gcc
configure:4241: result: gcc3
configure:4261: checking how to run the C preprocessor
configure:4292: arm-rtems4.11-gcc -E  conftest.c
configure:4292: $? = 0
configure:4306: arm-rtems4.11-gcc -E  conftest.c
conftest.c:9:28: fatal error: ac_nonexistent.h: No such file or directory
 #include <ac_nonexistent.h>
                            ^
compilation terminated.
configure:4306: $? = 1
configure: failed program was:
| /* confdefs.h */
| #define PACKAGE_NAME "rtems-c-src-tests-samples"
| #define PACKAGE_TARNAME "rtems-c-src-tests-samples"
| #define PACKAGE_VERSION "4.10.99.0"
| #define PACKAGE_STRING "rtems-c-src-tests-samples 4.10.99.0"
| #define PACKAGE_BUGREPORT "https://devel.rtems.org/newticket"
| #define PACKAGE_URL ""
| /* end confdefs.h.  */
| #include <ac_nonexistent.h>
configure:4331: result: arm-rtems4.11-gcc -E
configure:4351: arm-rtems4.11-gcc -E  conftest.c
configure:4351: $? = 0
configure:4365: arm-rtems4.11-gcc -E  conftest.c
conftest.c:9:28: fatal error: ac_nonexistent.h: No such file or directory
 #include <ac_nonexistent.h>
                            ^
compilation terminated.
configure:4365: $? = 1
configure: failed program was:
| /* confdefs.h */
| #define PACKAGE_NAME "rtems-c-src-tests-samples"
| #define PACKAGE_TARNAME "rtems-c-src-tests-samples"
| #define PACKAGE_VERSION "4.10.99.0"
| #define PACKAGE_STRING "rtems-c-src-tests-samples 4.10.99.0"
| #define PACKAGE_BUGREPORT "https://devel.rtems.org/newticket"
| #define PACKAGE_URL ""
| /* end confdefs.h.  */
| #include <ac_nonexistent.h>
configure:4425: checking for RTEMS_SMP
configure:4439: arm-rtems4.11-gcc -c -march=armv7-m -mthumb -mtune=cortex-m4 -O2 -g -fdata-sections -ffunction-sections -Wall -Wmissing-prototypes -Wimplicit-function-declaration -Wstrict-prototypes -Wnested-externs  -I../../../../stm32f4xx/lib/include conftest.c >&5
conftest.c:12:1: error: unknown type name 'choke'
 choke me
 ^
conftest.c:12:1: error: expected '=', ',', ';', 'asm' or '__attribute__' at end of input
configure:4439: $? = 1
configure: failed program was:
| /* confdefs.h */
| #define PACKAGE_NAME "rtems-c-src-tests-samples"
| #define PACKAGE_TARNAME "rtems-c-src-tests-samples"
| #define PACKAGE_VERSION "4.10.99.0"
| #define PACKAGE_STRING "rtems-c-src-tests-samples 4.10.99.0"
| #define PACKAGE_BUGREPORT "https://devel.rtems.org/newticket"
| #define PACKAGE_URL ""
| /* end confdefs.h.  */
| 
| #include <rtems/system.h>
| #ifndef RTEMS_SMP
| choke me
| #endif
| 
configure:4447: result: no
configure:4465: checking for arm-rtems4.11-g++
configure:4481: found /home/develop/bin/arm-rtems4.11/bin/arm-rtems4.11-g++
configure:4492: result: arm-rtems4.11-g++
configure:4617: checking for C++ compiler version
configure:4626: arm-rtems4.11-g++ --version >&5
arm-rtems4.11-g++ (GCC) 4.9.3 20150626 (RTEMS 4.11, RSB 6b0d76cc9b43ac5aacb4ed87cabece1aa81c2b83, Newlib 2.2.0.20150423)
Copyright (C) 2015 Free Software Foundation, Inc.
This is free software; see the source for copying conditions.  There is NO
warranty; not even for MERCHANTABILITY or FITNESS FOR A PARTICULAR PURPOSE.

configure:4637: $? = 0
configure:4626: arm-rtems4.11-g++ -v >&5
Using built-in specs.
COLLECT_GCC=arm-rtems4.11-g++
COLLECT_LTO_WRAPPER=/home/develop/bin/arm-rtems4.11/libexec/gcc/arm-rtems4.11/4.9.3/lto-wrapper
Target: arm-rtems4.11
Configured with: ../gcc-4.9.3/configure --prefix=/home/develop/bin/arm-rtems4.11 --bindir=/home/develop/bin/arm-rtems4.11/bin --exec_prefix=/home/develop/bin/arm-rtems4.11 --includedir=/home/develop/bin/arm-rtems4.11/include --libdir=/home/develop/bin/arm-rtems4.11/lib --libexecdir=/home/develop/bin/arm-rtems4.11/libexec --mandir=/home/develop/bin/arm-rtems4.11/share/man --infodir=/home/develop/bin/arm-rtems4.11/share/info --datadir=/home/develop/bin/arm-rtems4.11/share --build=i686-linux-gnu --host=i686-linux-gnu --target=arm-rtems4.11 --disable-libstdcxx-pch --with-gnu-as --with-gnu-ld --verbose --with-newlib --with-system-zlib --disable-nls --without-included-gettext --disable-win32-registry --enable-version-specific-runtime-libs --disable-lto --enable-newlib-io-c99-formats --enable-newlib-iconv --enable-newlib-iconv-encodings=big5,cp775,cp850,cp852,cp855,cp866,euc_jp,euc_kr,euc_tw,iso_8859_1,iso_8859_10,iso_8859_11,iso_8859_13,iso_8859_14,iso_8859_15,iso_8859_2,iso_8859_3,iso_8859_4,iso_8859_5,iso_8859_6,iso_8859_7,iso_8859_8,iso_8859_9,iso_ir_111,koi8_r,koi8_ru,koi8_u,koi8_uni,ucs_2,ucs_2_internal,ucs_2be,ucs_2le,ucs_4,ucs_4_internal,ucs_4be,ucs_4le,us_ascii,utf_16,utf_16be,utf_16le,utf_8,win_1250,win_1251,win_1252,win_1253,win_1254,win_1255,win_1256,win_1257,win_1258 --enable-threads --disable-plugin --enable-obsolete --enable-libgomp --enable-languages=c,c++
Thread model: rtems
gcc version 4.9.3 20150626 (RTEMS 4.11, RSB 6b0d76cc9b43ac5aacb4ed87cabece1aa81c2b83, Newlib 2.2.0.20150423) (GCC) 
configure:4637: $? = 0
configure:4626: arm-rtems4.11-g++ -V >&5
arm-rtems4.11-g++: error: unrecognized command line option '-V'
arm-rtems4.11-g++: fatal error: no input files
compilation terminated.
configure:4637: $? = 1
configure:4626: arm-rtems4.11-g++ -qversion >&5
arm-rtems4.11-g++: error: unrecognized command line option '-qversion'
arm-rtems4.11-g++: fatal error: no input files
compilation terminated.
configure:4637: $? = 1
configure:4641: checking whether we are using the GNU C++ compiler
configure:4660: arm-rtems4.11-g++ -c -march=armv7-m -mthumb -mtune=cortex-m4 -O2 -g -fdata-sections -ffunction-sections -Wall -Wmissing-prototypes -Wimplicit-function-declaration -Wstrict-prototypes -Wnested-externs  conftest.cpp >&5
cc1plus: warning: command line option '-Wmissing-prototypes' is valid for C/ObjC but not for C++
cc1plus: warning: command line option '-Wimplicit-function-declaration' is valid for C/ObjC but not for C++
cc1plus: warning: command line option '-Wstrict-prototypes' is valid for C/ObjC but not for C++
cc1plus: warning: command line option '-Wnested-externs' is valid for C/ObjC but not for C++
configure:4660: $? = 0
configure:4669: result: yes
configure:4678: checking whether arm-rtems4.11-g++ accepts -g
configure:4698: arm-rtems4.11-g++ -c -g  conftest.cpp >&5
configure:4698: $? = 0
configure:4739: result: yes
configure:4764: checking dependency style of arm-rtems4.11-g++
configure:4875: result: gcc3
configure:4895: checking how to run the C++ preprocessor
configure:4922: arm-rtems4.11-g++ -E  conftest.cpp
configure:4922: $? = 0
configure:4936: arm-rtems4.11-g++ -E  conftest.cpp
conftest.cpp:9:28: fatal error: ac_nonexistent.h: No such file or directory
 #include <ac_nonexistent.h>
                            ^
compilation terminated.
configure:4936: $? = 1
configure: failed program was:
| /* confdefs.h */
| #define PACKAGE_NAME "rtems-c-src-tests-samples"
| #define PACKAGE_TARNAME "rtems-c-src-tests-samples"
| #define PACKAGE_VERSION "4.10.99.0"
| #define PACKAGE_STRING "rtems-c-src-tests-samples 4.10.99.0"
| #define PACKAGE_BUGREPORT "https://devel.rtems.org/newticket"
| #define PACKAGE_URL ""
| /* end confdefs.h.  */
| #include <ac_nonexistent.h>
configure:4961: result: arm-rtems4.11-g++ -E
configure:4981: arm-rtems4.11-g++ -E  conftest.cpp
configure:4981: $? = 0
configure:4995: arm-rtems4.11-g++ -E  conftest.cpp
conftest.cpp:9:28: fatal error: ac_nonexistent.h: No such file or directory
 #include <ac_nonexistent.h>
                            ^
compilation terminated.
configure:4995: $? = 1
configure: failed program was:
| /* confdefs.h */
| #define PACKAGE_NAME "rtems-c-src-tests-samples"
| #define PACKAGE_TARNAME "rtems-c-src-tests-samples"
| #define PACKAGE_VERSION "4.10.99.0"
| #define PACKAGE_STRING "rtems-c-src-tests-samples 4.10.99.0"
| #define PACKAGE_BUGREPORT "https://devel.rtems.org/newticket"
| #define PACKAGE_URL ""
| /* end confdefs.h.  */
| #include <ac_nonexistent.h>
configure:5049: checking for arm-rtems4.11-ar
configure:5065: found /home/develop/bin/arm-rtems4.11/bin/arm-rtems4.11-ar
configure:5077: result: arm-rtems4.11-ar
configure:5092: checking for arm-rtems4.11-as
configure:5108: found /home/develop/bin/arm-rtems4.11/bin/arm-rtems4.11-as
configure:5120: result: arm-rtems4.11-as
configure:5135: checking for arm-rtems4.11-ld
configure:5151: found /home/develop/bin/arm-rtems4.11/bin/arm-rtems4.11-ld
configure:5163: result: arm-rtems4.11-ld
configure:5178: checking for arm-rtems4.11-nm
configure:5194: found /home/develop/bin/arm-rtems4.11/bin/arm-rtems4.11-nm
configure:5206: result: arm-rtems4.11-nm
configure:5222: checking for arm-rtems4.11-ranlib
configure:5238: found /home/develop/bin/arm-rtems4.11/bin/arm-rtems4.11-ranlib
configure:5250: result: arm-rtems4.11-ranlib
configure:5266: checking for arm-rtems4.11-objcopy
configure:5282: found /home/develop/bin/arm-rtems4.11/bin/arm-rtems4.11-objcopy
configure:5294: result: arm-rtems4.11-objcopy
configure:5309: checking for arm-rtems4.11-size
configure:5325: found /home/develop/bin/arm-rtems4.11/bin/arm-rtems4.11-size
configure:5337: result: arm-rtems4.11-size
configure:5352: checking for arm-rtems4.11-strip
configure:5380: result: arm-rtems4.11-strip
configure:5395: checking for ../../make/custom/stm32f4xx.cfg
configure:5400: result: yes
configure:5430: checking for RTEMS_MULTIPROCESSING
configure:5444: arm-rtems4.11-gcc -c -march=armv7-m -mthumb -mtune=cortex-m4 -O2 -g -fdata-sections -ffunction-sections -Wall -Wmissing-prototypes -Wimplicit-function-declaration -Wstrict-prototypes -Wnested-externs  -I../../../../stm32f4xx/lib/include conftest.c >&5
conftest.c:12:1: error: unknown type name 'choke'
 choke me
 ^
conftest.c:12:1: error: expected '=', ',', ';', 'asm' or '__attribute__' at end of input
configure:5444: $? = 1
configure: failed program was:
| /* confdefs.h */
| #define PACKAGE_NAME "rtems-c-src-tests-samples"
| #define PACKAGE_TARNAME "rtems-c-src-tests-samples"
| #define PACKAGE_VERSION "4.10.99.0"
| #define PACKAGE_STRING "rtems-c-src-tests-samples 4.10.99.0"
| #define PACKAGE_BUGREPORT "https://devel.rtems.org/newticket"
| #define PACKAGE_URL ""
| /* end confdefs.h.  */
| 
| #include <rtems/system.h>
| #ifndef RTEMS_MULTIPROCESSING
| choke me
| #endif
| 
configure:5452: result: no
configure:5456: checking whether to build rtems++
configure:5471: result: yes
configure:5487: checking for RTEMS_NETWORKING
configure:5501: arm-rtems4.11-gcc -c -march=armv7-m -mthumb -mtune=cortex-m4 -O2 -g -fdata-sections -ffunction-sections -Wall -Wmissing-prototypes -Wimplicit-function-declaration -Wstrict-prototypes -Wnested-externs  -I../../../../stm32f4xx/lib/include conftest.c >&5
conftest.c:12:1: error: unknown type name 'choke'
 choke me
 ^
conftest.c:12:1: error: expected '=', ',', ';', 'asm' or '__attribute__' at end of input
configure:5501: $? = 1
configure: failed program was:
| /* confdefs.h */
| #define PACKAGE_NAME "rtems-c-src-tests-samples"
| #define PACKAGE_TARNAME "rtems-c-src-tests-samples"
| #define PACKAGE_VERSION "4.10.99.0"
| #define PACKAGE_STRING "rtems-c-src-tests-samples 4.10.99.0"
| #define PACKAGE_BUGREPORT "https://devel.rtems.org/newticket"
| #define PACKAGE_URL ""
| /* end confdefs.h.  */
| 
| #include <rtems/system.h>
| #ifndef RTEMS_NETWORKING
| choke me
| #endif
| 
configure:5509: result: no
configure:5525: checking for RTEMS_SMP
configure:5547: result: no
configure:5555: checking for grep that handles long lines and -e
configure:5613: result: /bin/grep
configure:5618: checking for egrep
configure:5680: result: /bin/grep -E
configure:5685: checking for ANSI C header files
configure:5705: arm-rtems4.11-gcc -c -march=armv7-m -mthumb -mtune=cortex-m4 -O2 -g -fdata-sections -ffunction-sections -Wall -Wmissing-prototypes -Wimplicit-function-declaration -Wstrict-prototypes -Wnested-externs  conftest.c >&5
conftest.c:15:1: warning: function declaration isn't a prototype [-Wstrict-prototypes]
 main ()
 ^
configure:5705: $? = 0
configure:5789: result: yes
configure:5802: checking for sys/types.h
configure:5802: arm-rtems4.11-gcc -c -march=armv7-m -mthumb -mtune=cortex-m4 -O2 -g -fdata-sections -ffunction-sections -Wall -Wmissing-prototypes -Wimplicit-function-declaration -Wstrict-prototypes -Wnested-externs  conftest.c >&5
configure:5802: $? = 0
configure:5802: result: yes
configure:5802: checking for sys/stat.h
configure:5802: arm-rtems4.11-gcc -c -march=armv7-m -mthumb -mtune=cortex-m4 -O2 -g -fdata-sections -ffunction-sections -Wall -Wmissing-prototypes -Wimplicit-function-declaration -Wstrict-prototypes -Wnested-externs  conftest.c >&5
configure:5802: $? = 0
configure:5802: result: yes
configure:5802: checking for stdlib.h
configure:5802: arm-rtems4.11-gcc -c -march=armv7-m -mthumb -mtune=cortex-m4 -O2 -g -fdata-sections -ffunction-sections -Wall -Wmissing-prototypes -Wimplicit-function-declaration -Wstrict-prototypes -Wnested-externs  conftest.c >&5
configure:5802: $? = 0
configure:5802: result: yes
configure:5802: checking for string.h
configure:5802: arm-rtems4.11-gcc -c -march=armv7-m -mthumb -mtune=cortex-m4 -O2 -g -fdata-sections -ffunction-sections -Wall -Wmissing-prototypes -Wimplicit-function-declaration -Wstrict-prototypes -Wnested-externs  conftest.c >&5
configure:5802: $? = 0
configure:5802: result: yes
configure:5802: checking for memory.h
configure:5802: arm-rtems4.11-gcc -c -march=armv7-m -mthumb -mtune=cortex-m4 -O2 -g -fdata-sections -ffunction-sections -Wall -Wmissing-prototypes -Wimplicit-function-declaration -Wstrict-prototypes -Wnested-externs  conftest.c >&5
conftest.c:48:20: fatal error: memory.h: No such file or directory
 #include <memory.h>
                    ^
compilation terminated.
configure:5802: $? = 1
configure: failed program was:
| /* confdefs.h */
| #define PACKAGE_NAME "rtems-c-src-tests-samples"
| #define PACKAGE_TARNAME "rtems-c-src-tests-samples"
| #define PACKAGE_VERSION "4.10.99.0"
| #define PACKAGE_STRING "rtems-c-src-tests-samples 4.10.99.0"
| #define PACKAGE_BUGREPORT "https://devel.rtems.org/newticket"
| #define PACKAGE_URL ""
| #define STDC_HEADERS 1
| #define HAVE_SYS_TYPES_H 1
| #define HAVE_SYS_STAT_H 1
| #define HAVE_STDLIB_H 1
| #define HAVE_STRING_H 1
| /* end confdefs.h.  */
| #include <stdio.h>
| #ifdef HAVE_SYS_TYPES_H
| # include <sys/types.h>
| #endif
| #ifdef HAVE_SYS_STAT_H
| # include <sys/stat.h>
| #endif
| #ifdef STDC_HEADERS
| # include <stdlib.h>
| # include <stddef.h>
| #else
| # ifdef HAVE_STDLIB_H
| #  include <stdlib.h>
| # endif
| #endif
| #ifdef HAVE_STRING_H
| # if !defined STDC_HEADERS && defined HAVE_MEMORY_H
| #  include <memory.h>
| # endif
| # include <string.h>
| #endif
| #ifdef HAVE_STRINGS_H
| # include <strings.h>
| #endif
| #ifdef HAVE_INTTYPES_H
| # include <inttypes.h>
| #endif
| #ifdef HAVE_STDINT_H
| # include <stdint.h>
| #endif
| #ifdef HAVE_UNISTD_H
| # include <unistd.h>
| #endif
| 
| #include <memory.h>
configure:5802: result: no
configure:5802: checking for strings.h
configure:5802: arm-rtems4.11-gcc -c -march=armv7-m -mthumb -mtune=cortex-m4 -O2 -g -fdata-sections -ffunction-sections -Wall -Wmissing-prototypes -Wimplicit-function-declaration -Wstrict-prototypes -Wnested-externs  conftest.c >&5
configure:5802: $? = 0
configure:5802: result: yes
configure:5802: checking for inttypes.h
configure:5802: arm-rtems4.11-gcc -c -march=armv7-m -mthumb -mtune=cortex-m4 -O2 -g -fdata-sections -ffunction-sections -Wall -Wmissing-prototypes -Wimplicit-function-declaration -Wstrict-prototypes -Wnested-externs  conftest.c >&5
configure:5802: $? = 0
configure:5802: result: yes
configure:5802: checking for stdint.h
configure:5802: arm-rtems4.11-gcc -c -march=armv7-m -mthumb -mtune=cortex-m4 -O2 -g -fdata-sections -ffunction-sections -Wall -Wmissing-prototypes -Wimplicit-function-declaration -Wstrict-prototypes -Wnested-externs  conftest.c >&5
configure:5802: $? = 0
configure:5802: result: yes
configure:5802: checking for unistd.h
configure:5802: arm-rtems4.11-gcc -c -march=armv7-m -mthumb -mtune=cortex-m4 -O2 -g -fdata-sections -ffunction-sections -Wall -Wmissing-prototypes -Wimplicit-function-declaration -Wstrict-prototypes -Wnested-externs  conftest.c >&5
configure:5802: $? = 0
configure:5802: result: yes
configure:5825: checking cstdio usability
configure:5825: arm-rtems4.11-g++ -c -march=armv7-m -mthumb -mtune=cortex-m4 -O2 -g -fdata-sections -ffunction-sections -Wall -Wmissing-prototypes -Wimplicit-function-declaration -Wstrict-prototypes -Wnested-externs  conftest.cpp >&5
cc1plus: warning: command line option '-Wmissing-prototypes' is valid for C/ObjC but not for C++
cc1plus: warning: command line option '-Wimplicit-function-declaration' is valid for C/ObjC but not for C++
cc1plus: warning: command line option '-Wstrict-prototypes' is valid for C/ObjC but not for C++
cc1plus: warning: command line option '-Wnested-externs' is valid for C/ObjC but not for C++
configure:5825: $? = 0
configure:5825: result: yes
configure:5825: checking cstdio presence
configure:5825: arm-rtems4.11-g++ -E  conftest.cpp
configure:5825: $? = 0
configure:5825: result: yes
configure:5825: checking for cstdio
configure:5825: result: yes
configure:5825: checking cstdlib usability
configure:5825: arm-rtems4.11-g++ -c -march=armv7-m -mthumb -mtune=cortex-m4 -O2 -g -fdata-sections -ffunction-sections -Wall -Wmissing-prototypes -Wimplicit-function-declaration -Wstrict-prototypes -Wnested-externs  conftest.cpp >&5
cc1plus: warning: command line option '-Wmissing-prototypes' is valid for C/ObjC but not for C++
cc1plus: warning: command line option '-Wimplicit-function-declaration' is valid for C/ObjC but not for C++
cc1plus: warning: command line option '-Wstrict-prototypes' is valid for C/ObjC but not for C++
cc1plus: warning: command line option '-Wnested-externs' is valid for C/ObjC but not for C++
configure:5825: $? = 0
configure:5825: result: yes
configure:5825: checking cstdlib presence
configure:5825: arm-rtems4.11-g++ -E  conftest.cpp
configure:5825: $? = 0
configure:5825: result: yes
configure:5825: checking for cstdlib
configure:5825: result: yes
configure:5825: checking iostream usability
configure:5825: arm-rtems4.11-g++ -c -march=armv7-m -mthumb -mtune=cortex-m4 -O2 -g -fdata-sections -ffunction-sections -Wall -Wmissing-prototypes -Wimplicit-function-declaration -Wstrict-prototypes -Wnested-externs  conftest.cpp >&5
cc1plus: warning: command line option '-Wmissing-prototypes' is valid for C/ObjC but not for C++
cc1plus: warning: command line option '-Wimplicit-function-declaration' is valid for C/ObjC but not for C++
cc1plus: warning: command line option '-Wstrict-prototypes' is valid for C/ObjC but not for C++
cc1plus: warning: command line option '-Wnested-externs' is valid for C/ObjC but not for C++
configure:5825: $? = 0
configure:5825: result: yes
configure:5825: checking iostream presence
configure:5825: arm-rtems4.11-g++ -E  conftest.cpp
configure:5825: $? = 0
configure:5825: result: yes
configure:5825: checking for iostream
configure:5825: result: yes
configure:5837: checking if iostream supports std:: namespace
configure:5854: arm-rtems4.11-g++ -c -march=armv7-m -mthumb -mtune=cortex-m4 -O2 -g -fdata-sections -ffunction-sections -Wall -Wmissing-prototypes -Wimplicit-function-declaration -Wstrict-prototypes -Wnested-externs  conftest.cpp >&5
cc1plus: warning: command line option '-Wmissing-prototypes' is valid for C/ObjC but not for C++
cc1plus: warning: command line option '-Wimplicit-function-declaration' is valid for C/ObjC but not for C++
cc1plus: warning: command line option '-Wstrict-prototypes' is valid for C/ObjC but not for C++
cc1plus: warning: command line option '-Wnested-externs' is valid for C/ObjC but not for C++
configure:5854: $? = 0
configure:5862: result: yes
configure:5920: checking size of time_t
configure:5925: arm-rtems4.11-gcc -c -march=armv7-m -mthumb -mtune=cortex-m4 -O2 -g -fdata-sections -ffunction-sections -Wall -Wmissing-prototypes -Wimplicit-function-declaration -Wstrict-prototypes -Wnested-externs  conftest.c >&5
conftest.c:55:1: warning: function declaration isn't a prototype [-Wstrict-prototypes]
 main ()
 ^
configure:5925: $? = 0
configure:5925: arm-rtems4.11-gcc -c -march=armv7-m -mthumb -mtune=cortex-m4 -O2 -g -fdata-sections -ffunction-sections -Wall -Wmissing-prototypes -Wimplicit-function-declaration -Wstrict-prototypes -Wnested-externs  conftest.c >&5
conftest.c:55:1: warning: function declaration isn't a prototype [-Wstrict-prototypes]
 main ()
 ^
conftest.c: In function 'main':
conftest.c:57:12: error: size of array 'test_array' is negative
 static int test_array [1 - 2 * !(((long int) (sizeof (time_t))) <= 0)];
            ^
configure:5925: $? = 1
configure: failed program was:
| /* confdefs.h */
| #define PACKAGE_NAME "rtems-c-src-tests-samples"
| #define PACKAGE_TARNAME "rtems-c-src-tests-samples"
| #define PACKAGE_VERSION "4.10.99.0"
| #define PACKAGE_STRING "rtems-c-src-tests-samples 4.10.99.0"
| #define PACKAGE_BUGREPORT "https://devel.rtems.org/newticket"
| #define PACKAGE_URL ""
| #define STDC_HEADERS 1
| #define HAVE_SYS_TYPES_H 1
| #define HAVE_SYS_STAT_H 1
| #define HAVE_STDLIB_H 1
| #define HAVE_STRING_H 1
| #define HAVE_STRINGS_H 1
| #define HAVE_INTTYPES_H 1
| #define HAVE_STDINT_H 1
| #define HAVE_UNISTD_H 1
| #define HAVE_CSTDIO 1
| #define HAVE_CSTDLIB 1
| #define HAVE_IOSTREAM 1
| /* end confdefs.h.  */
| #include <stdio.h>
| #ifdef HAVE_SYS_TYPES_H
| # include <sys/types.h>
| #endif
| #ifdef HAVE_SYS_STAT_H
| # include <sys/stat.h>
| #endif
| #ifdef STDC_HEADERS
| # include <stdlib.h>
| # include <stddef.h>
| #else
| # ifdef HAVE_STDLIB_H
| #  include <stdlib.h>
| # endif
| #endif
| #ifdef HAVE_STRING_H
| # if !defined STDC_HEADERS && defined HAVE_MEMORY_H
| #  include <memory.h>
| # endif
| # include <string.h>
| #endif
| #ifdef HAVE_STRINGS_H
| # include <strings.h>
| #endif
| #ifdef HAVE_INTTYPES_H
| # include <inttypes.h>
| #endif
| #ifdef HAVE_STDINT_H
| # include <stdint.h>
| #endif
| #ifdef HAVE_UNISTD_H
| # include <unistd.h>
| #endif
| int
| main ()
| {
| static int test_array [1 - 2 * !(((long int) (sizeof (time_t))) <= 0)];
| test_array [0] = 0;
| return test_array [0];
| 
|   ;
|   return 0;
| }
configure:5925: arm-rtems4.11-gcc -c -march=armv7-m -mthumb -mtune=cortex-m4 -O2 -g -fdata-sections -ffunction-sections -Wall -Wmissing-prototypes -Wimplicit-function-declaration -Wstrict-prototypes -Wnested-externs  conftest.c >&5
conftest.c:55:1: warning: function declaration isn't a prototype [-Wstrict-prototypes]
 main ()
 ^
conftest.c: In function 'main':
conftest.c:57:12: error: size of array 'test_array' is negative
 static int test_array [1 - 2 * !(((long int) (sizeof (time_t))) <= 1)];
            ^
configure:5925: $? = 1
configure: failed program was:
| /* confdefs.h */
| #define PACKAGE_NAME "rtems-c-src-tests-samples"
| #define PACKAGE_TARNAME "rtems-c-src-tests-samples"
| #define PACKAGE_VERSION "4.10.99.0"
| #define PACKAGE_STRING "rtems-c-src-tests-samples 4.10.99.0"
| #define PACKAGE_BUGREPORT "https://devel.rtems.org/newticket"
| #define PACKAGE_URL ""
| #define STDC_HEADERS 1
| #define HAVE_SYS_TYPES_H 1
| #define HAVE_SYS_STAT_H 1
| #define HAVE_STDLIB_H 1
| #define HAVE_STRING_H 1
| #define HAVE_STRINGS_H 1
| #define HAVE_INTTYPES_H 1
| #define HAVE_STDINT_H 1
| #define HAVE_UNISTD_H 1
| #define HAVE_CSTDIO 1
| #define HAVE_CSTDLIB 1
| #define HAVE_IOSTREAM 1
| /* end confdefs.h.  */
| #include <stdio.h>
| #ifdef HAVE_SYS_TYPES_H
| # include <sys/types.h>
| #endif
| #ifdef HAVE_SYS_STAT_H
| # include <sys/stat.h>
| #endif
| #ifdef STDC_HEADERS
| # include <stdlib.h>
| # include <stddef.h>
| #else
| # ifdef HAVE_STDLIB_H
| #  include <stdlib.h>
| # endif
| #endif
| #ifdef HAVE_STRING_H
| # if !defined STDC_HEADERS && defined HAVE_MEMORY_H
| #  include <memory.h>
| # endif
| # include <string.h>
| #endif
| #ifdef HAVE_STRINGS_H
| # include <strings.h>
| #endif
| #ifdef HAVE_INTTYPES_H
| # include <inttypes.h>
| #endif
| #ifdef HAVE_STDINT_H
| # include <stdint.h>
| #endif
| #ifdef HAVE_UNISTD_H
| # include <unistd.h>
| #endif
| int
| main ()
| {
| static int test_array [1 - 2 * !(((long int) (sizeof (time_t))) <= 1)];
| test_array [0] = 0;
| return test_array [0];
| 
|   ;
|   return 0;
| }
configure:5925: arm-rtems4.11-gcc -c -march=armv7-m -mthumb -mtune=cortex-m4 -O2 -g -fdata-sections -ffunction-sections -Wall -Wmissing-prototypes -Wimplicit-function-declaration -Wstrict-prototypes -Wnested-externs  conftest.c >&5
conftest.c:55:1: warning: function declaration isn't a prototype [-Wstrict-prototypes]
 main ()
 ^
conftest.c: In function 'main':
conftest.c:57:12: error: size of array 'test_array' is negative
 static int test_array [1 - 2 * !(((long int) (sizeof (time_t))) <= 3)];
            ^
configure:5925: $? = 1
configure: failed program was:
| /* confdefs.h */
| #define PACKAGE_NAME "rtems-c-src-tests-samples"
| #define PACKAGE_TARNAME "rtems-c-src-tests-samples"
| #define PACKAGE_VERSION "4.10.99.0"
| #define PACKAGE_STRING "rtems-c-src-tests-samples 4.10.99.0"
| #define PACKAGE_BUGREPORT "https://devel.rtems.org/newticket"
| #define PACKAGE_URL ""
| #define STDC_HEADERS 1
| #define HAVE_SYS_TYPES_H 1
| #define HAVE_SYS_STAT_H 1
| #define HAVE_STDLIB_H 1
| #define HAVE_STRING_H 1
| #define HAVE_STRINGS_H 1
| #define HAVE_INTTYPES_H 1
| #define HAVE_STDINT_H 1
| #define HAVE_UNISTD_H 1
| #define HAVE_CSTDIO 1
| #define HAVE_CSTDLIB 1
| #define HAVE_IOSTREAM 1
| /* end confdefs.h.  */
| #include <stdio.h>
| #ifdef HAVE_SYS_TYPES_H
| # include <sys/types.h>
| #endif
| #ifdef HAVE_SYS_STAT_H
| # include <sys/stat.h>
| #endif
| #ifdef STDC_HEADERS
| # include <stdlib.h>
| # include <stddef.h>
| #else
| # ifdef HAVE_STDLIB_H
| #  include <stdlib.h>
| # endif
| #endif
| #ifdef HAVE_STRING_H
| # if !defined STDC_HEADERS && defined HAVE_MEMORY_H
| #  include <memory.h>
| # endif
| # include <string.h>
| #endif
| #ifdef HAVE_STRINGS_H
| # include <strings.h>
| #endif
| #ifdef HAVE_INTTYPES_H
| # include <inttypes.h>
| #endif
| #ifdef HAVE_STDINT_H
| # include <stdint.h>
| #endif
| #ifdef HAVE_UNISTD_H
| # include <unistd.h>
| #endif
| int
| main ()
| {
| static int test_array [1 - 2 * !(((long int) (sizeof (time_t))) <= 3)];
| test_array [0] = 0;
| return test_array [0];
| 
|   ;
|   return 0;
| }
configure:5925: arm-rtems4.11-gcc -c -march=armv7-m -mthumb -mtune=cortex-m4 -O2 -g -fdata-sections -ffunction-sections -Wall -Wmissing-prototypes -Wimplicit-function-declaration -Wstrict-prototypes -Wnested-externs  conftest.c >&5
conftest.c:55:1: warning: function declaration isn't a prototype [-Wstrict-prototypes]
 main ()
 ^
configure:5925: $? = 0
configure:5925: arm-rtems4.11-gcc -c -march=armv7-m -mthumb -mtune=cortex-m4 -O2 -g -fdata-sections -ffunction-sections -Wall -Wmissing-prototypes -Wimplicit-function-declaration -Wstrict-prototypes -Wnested-externs  conftest.c >&5
conftest.c:55:1: warning: function declaration isn't a prototype [-Wstrict-prototypes]
 main ()
 ^
configure:5925: $? = 0
configure:5925: arm-rtems4.11-gcc -c -march=armv7-m -mthumb -mtune=cortex-m4 -O2 -g -fdata-sections -ffunction-sections -Wall -Wmissing-prototypes -Wimplicit-function-declaration -Wstrict-prototypes -Wnested-externs  conftest.c >&5
conftest.c:55:1: warning: function declaration isn't a prototype [-Wstrict-prototypes]
 main ()
 ^
configure:5925: $? = 0
configure:5939: result: 4
configure:6062: checking that generated files are newer than configure
configure:6068: result: done
configure:6119: creating ./config.status

## ---------------------- ##
## Running config.status. ##
## ---------------------- ##

This file was extended by rtems-c-src-tests-samples config.status 4.10.99.0, which was
generated by GNU Autoconf 2.69.  Invocation command line was

  CONFIG_FILES    = 
  CONFIG_HEADERS  = 
  CONFIG_LINKS    = 
  CONFIG_COMMANDS = 
  $ ./config.status 

on localhost.localdomain

config.status:918: creating Makefile
config.status:918: creating base_sp/Makefile
config.status:918: creating hello/Makefile
config.status:918: creating loopback/Makefile
config.status:918: creating minimum/Makefile
config.status:918: creating fileio/Makefile
config.status:918: creating nsecs/Makefile
config.status:918: creating paranoia/Makefile
config.status:918: creating ticker/Makefile
config.status:918: creating unlimited/Makefile
config.status:918: creating base_mp/Makefile
config.status:918: creating base_mp/node1/Makefile
config.status:918: creating base_mp/node2/Makefile
config.status:918: creating iostream/Makefile
config.status:918: creating cdtest/Makefile
config.status:918: creating pppd/Makefile
config.status:918: creating capture/Makefile
config.status:918: creating config.h
config.status:1132: executing depfiles commands

## ---------------- ##
## Cache variables. ##
## ---------------- ##

ac_cv_build=i686-pc-linux-gnu
ac_cv_c_compiler_gnu=yes
ac_cv_cxx_compiler_gnu=yes
ac_cv_env_CCC_set=
ac_cv_env_CCC_value=
ac_cv_env_CC_set=
ac_cv_env_CC_value=
ac_cv_env_CFLAGS_set=set
ac_cv_env_CFLAGS_value='-march=armv7-m -mthumb -mtune=cortex-m4 -O2 -g -fdata-sections -ffunction-sections -Wall -Wmissing-prototypes -Wimplicit-function-declaration -Wstrict-prototypes -Wnested-externs'
ac_cv_env_CPPFLAGS_set=
ac_cv_env_CPPFLAGS_value=
ac_cv_env_CPP_set=
ac_cv_env_CPP_value=
ac_cv_env_CXXCPP_set=
ac_cv_env_CXXCPP_value=
ac_cv_env_CXXFLAGS_set=
ac_cv_env_CXXFLAGS_value=
ac_cv_env_CXX_set=
ac_cv_env_CXX_value=
ac_cv_env_LDFLAGS_set=
ac_cv_env_LDFLAGS_value=
ac_cv_env_LIBS_set=
ac_cv_env_LIBS_value=
ac_cv_env_RTEMS_BSP_FAMILY_set=set
ac_cv_env_RTEMS_BSP_FAMILY_value=stm32f4xx
ac_cv_env_RTEMS_BSP_set=set
ac_cv_env_RTEMS_BSP_value=stm32f4xx
ac_cv_env_build_alias_set=set
ac_cv_env_build_alias_value=i686-pc-linux-gnu
ac_cv_env_host_alias_set=set
ac_cv_env_host_alias_value=arm-rtems4.11
ac_cv_env_target_alias_set=set
ac_cv_env_target_alias_value=arm-rtems4.11
ac_cv_exeext=.exe
ac_cv_header_cstdio=yes
ac_cv_header_cstdlib=yes
ac_cv_header_inttypes_h=yes
ac_cv_header_iostream=yes
ac_cv_header_memory_h=no
ac_cv_header_stdc=yes
ac_cv_header_stdint_h=yes
ac_cv_header_stdlib_h=yes
ac_cv_header_string_h=yes
ac_cv_header_strings_h=yes
ac_cv_header_sys_stat_h=yes
ac_cv_header_sys_types_h=yes
ac_cv_header_unistd_h=yes
ac_cv_host=arm-unknown-rtems4.11
ac_cv_objext=o
ac_cv_path_EGREP='/bin/grep -E'
ac_cv_path_GREP=/bin/grep
ac_cv_path_install='/usr/bin/install -c'
ac_cv_path_mkdir=/bin/mkdir
ac_cv_prog_AR=arm-rtems4.11-ar
ac_cv_prog_AS=arm-rtems4.11-as
ac_cv_prog_AWK=gawk
ac_cv_prog_CC=arm-rtems4.11-gcc
ac_cv_prog_CPP='arm-rtems4.11-gcc -E'
ac_cv_prog_CXX=arm-rtems4.11-g++
ac_cv_prog_CXXCPP='arm-rtems4.11-g++ -E'
ac_cv_prog_LD=arm-rtems4.11-ld
ac_cv_prog_MAKE=gmake
ac_cv_prog_NM=arm-rtems4.11-nm
ac_cv_prog_OBJCOPY=arm-rtems4.11-objcopy
ac_cv_prog_RANLIB=arm-rtems4.11-ranlib
ac_cv_prog_SIZE=arm-rtems4.11-size
ac_cv_prog_STRIP=arm-rtems4.11-strip
ac_cv_prog_cc_c89=
ac_cv_prog_cc_g=yes
ac_cv_prog_cxx_g=yes
ac_cv_prog_make_gmake_set=yes
ac_cv_sizeof_time_t=4
am_cv_CC_dependencies_compiler_type=gcc3
am_cv_CXX_dependencies_compiler_type=gcc3
rtems_cv_HAS_CPLUSPLUS=yes
rtems_cv_HAVE_IOSTREAM_STD_NAMESPACE=yes
rtems_cv_RTEMS_BSP=stm32f4xx
rtems_cv_RTEMS_MULTIPROCESSING=no
rtems_cv_RTEMS_NETWORKING=no
rtems_cv_RTEMS_SMP=no

## ----------------- ##
## Output variables. ##
## ----------------- ##

ACLOCAL='${SHELL} /home/develop/smbshare/rtems-work/rtems/missing --run aclocal-1.12'
AMDEPBACKSLASH='\'
AMDEP_FALSE='#'
AMDEP_TRUE=''
AMTAR='$${TAR-tar}'
AR='arm-rtems4.11-ar'
AS='arm-rtems4.11-as'
AUTOCONF='${SHELL} /home/develop/smbshare/rtems-work/rtems/missing --run autoconf'
AUTOHEADER='${SHELL} /home/develop/smbshare/rtems-work/rtems/missing --run autoheader'
AUTOMAKE='${SHELL} /home/develop/smbshare/rtems-work/rtems/missing --run automake-1.12'
AWK='gawk'
BIN2C='$(PROJECT_TOPdir)/tools/build/rtems-bin2c'
CC='arm-rtems4.11-gcc'
CCDEPMODE='depmode=gcc3'
CFLAGS='-march=armv7-m -mthumb -mtune=cortex-m4 -O2 -g -fdata-sections -ffunction-sections -Wall -Wmissing-prototypes -Wimplicit-function-declaration -Wstrict-prototypes -Wnested-externs'
CPP='arm-rtems4.11-gcc -E'
CPPFLAGS=''
CPUKIT_ROOT=''
CXX='arm-rtems4.11-g++'
CXXCPP='arm-rtems4.11-g++ -E'
CXXDEPMODE='depmode=gcc3'
CXXFLAGS='-march=armv7-m -mthumb -mtune=cortex-m4 -O2 -g -fdata-sections -ffunction-sections -Wall -Wmissing-prototypes -Wimplicit-function-declaration -Wstrict-prototypes -Wnested-externs'
CXXTESTS_FALSE='#'
CXXTESTS_TRUE=''
CYGPATH_W='echo'
DEFS='-DHAVE_CONFIG_H'
DEPDIR='.deps'
ECHO_C=''
ECHO_N='-n'
ECHO_T=''
EGREP='/bin/grep -E'
ENDIF='endif'
EXEEXT='.exe'
GCCSPECS=' -B$(PROJECT_ROOT)/lib/ -specs bsp_specs -qrtems'
GREP='/bin/grep'
HAS_CPLUSPLUS='yes'
HAS_SMP_FALSE=''
HAS_SMP_TRUE='#'
INSTALL_DATA='${INSTALL} -m 644'
INSTALL_PROGRAM='${INSTALL}'
INSTALL_SCRIPT='${INSTALL}'
INSTALL_STRIP_PROGRAM='$(install_sh) -c -s'
LD='arm-rtems4.11-ld'
LDFLAGS=''
LIBOBJS=''
LIBS=''
LTLIBOBJS=''
MAINT='#'
MAINTAINER_MODE_FALSE=''
MAINTAINER_MODE_TRUE='#'
MAKE='gmake'
MAKEINFO='${SHELL} /home/develop/smbshare/rtems-work/rtems/missing --run makeinfo'
MKDIR_P='/bin/mkdir -p'
MPTESTS_FALSE=''
MPTESTS_TRUE='#'
NETTESTS_FALSE=''
NETTESTS_TRUE='#'
NM='arm-rtems4.11-nm'
OBJCOPY='arm-rtems4.11-objcopy'
OBJEXT='o'
PACKAGE='rtems-c-src-tests-samples'
PACKAGE_BUGREPORT='https://devel.rtems.org/newticket'
PACKAGE_NAME='rtems-c-src-tests-samples'
PACKAGE_STRING='rtems-c-src-tests-samples 4.10.99.0'
PACKAGE_TARNAME='rtems-c-src-tests-samples'
PACKAGE_URL=''
PACKAGE_VERSION='4.10.99.0'
PACKHEX='$(PROJECT_TOPdir)/tools/build/packhex'
PATH_SEPARATOR=':'
PROJECT_INCLUDE='$(PROJECT_ROOT)/lib/include'
PROJECT_LIB='$(PROJECT_ROOT)/lib'
PROJECT_RELEASE='$(PROJECT_ROOT)'
PROJECT_ROOT='$(top_builddir)/../../../../stm32f4xx'
PROJECT_TOPdir='../../../../../$(top_builddir)'
RANLIB='arm-rtems4.11-ranlib'
RTEMS_BSP='stm32f4xx'
RTEMS_BSP_FAMILY='stm32f4xx'
RTEMS_CPU='arm'
RTEMS_ROOT='$(top_builddir)/../../'
RTEMS_TOPdir='../..'
SET_MAKE=''
SHELL='/bin/sh'
SIZE='arm-rtems4.11-size'
STRIP='arm-rtems4.11-strip'
VERSION='4.10.99.0'
ac_ct_CC=''
ac_ct_CXX=''
am__EXEEXT_FALSE='#'
am__EXEEXT_TRUE=''
am__fastdepCC_FALSE='#'
am__fastdepCC_TRUE=''
am__fastdepCXX_FALSE='#'
am__fastdepCXX_TRUE=''
am__include='include'
am__isrc=' -I$(srcdir)'
am__leading_dot='.'
am__nodep='_no'
am__quote=''
am__tar='$${TAR-tar} chof - "$$tardir"'
am__untar='$${TAR-tar} xf -'
bindir='${exec_prefix}/bin'
build='i686-pc-linux-gnu'
build_alias='i686-pc-linux-gnu'
build_cpu='i686'
build_os='linux-gnu'
build_vendor='pc'
datadir='${datarootdir}'
datarootdir='${prefix}/share'
docdir='${datarootdir}/doc/${PACKAGE_TARNAME}'
dvidir='${docdir}'
exec_prefix='/home/develop/smbshare/rtems-work/rtems_build/../rtems_stm32f4xx/arm-rtems4.11'
host='arm-unknown-rtems4.11'
host_alias='arm-rtems4.11'
host_cpu='arm'
host_os='rtems4.11'
host_vendor='unknown'
htmldir='${docdir}'
includedir='/home/develop/smbshare/rtems-work/rtems_build/../rtems_stm32f4xx/arm-rtems4.11/stm32f4xx/lib/include'
infodir='${datarootdir}/info'
install_sh='${SHELL} /home/develop/smbshare/rtems-work/rtems/install-sh'
libdir='/home/develop/smbshare/rtems-work/rtems_build/../rtems_stm32f4xx/arm-rtems4.11/stm32f4xx/lib'
libexecdir='${exec_prefix}/libexec'
localedir='${datarootdir}/locale'
localstatedir='${prefix}/var'
mandir='${datarootdir}/man'
mkdir_p='$(MKDIR_P)'
oldincludedir='/usr/include'
pdfdir='${docdir}'
prefix='/home/develop/smbshare/rtems-work/rtems_build/../rtems_stm32f4xx'
program_transform_name='s,x,x,'
psdir='${docdir}'
rtems_testsdir='$(libdir)/rtems-4.11/tests'
sbindir='${exec_prefix}/sbin'
sharedstatedir='${prefix}/com'
sysconfdir='${prefix}/etc'
target_alias='arm-rtems4.11'

## ----------- ##
## confdefs.h. ##
## ----------- ##

/* confdefs.h */
#define PACKAGE_NAME "rtems-c-src-tests-samples"
#define PACKAGE_TARNAME "rtems-c-src-tests-samples"
#define PACKAGE_VERSION "4.10.99.0"
#define PACKAGE_STRING "rtems-c-src-tests-samples 4.10.99.0"
#define PACKAGE_BUGREPORT "https://devel.rtems.org/newticket"
#define PACKAGE_URL ""
#define STDC_HEADERS 1
#define HAVE_SYS_TYPES_H 1
#define HAVE_SYS_STAT_H 1
#define HAVE_STDLIB_H 1
#define HAVE_STRING_H 1
#define HAVE_STRINGS_H 1
#define HAVE_INTTYPES_H 1
#define HAVE_STDINT_H 1
#define HAVE_UNISTD_H 1
#define HAVE_CSTDIO 1
#define HAVE_CSTDLIB 1
#define HAVE_IOSTREAM 1
#define SIZEOF_TIME_T 4

configure: exit 0
