This file contains any messages produced by compilers while
running configure, to aid debugging if configure makes a mistake.

It was created by rtems-c-src-tests configure 4.10.99.0, which was
generated by GNU Autoconf 2.69.  Invocation command line was

  $ ../../../../../rtems/c/src/../../testsuites/configure --prefix=/home/develop/smbshare/rtems-work/rtems_build/../rtems_stm32f4xx --host=arm-rtems4.11 --build=i686-pc-linux-gnu --target=arm-rtems4.11 --disable-maintainer-mode --disable-multiprocessing --disable-posix --disable-networking --enable-cxx --enable-tests=samples --enable-rtems-debug --disable-multilib --disable-paravirt --disable-drvmgr --disable-docs STM32F4XX_FAMILY_STM32F469_479xx=1 STM32F4XX_HSE_OSCILLATOR=8000000 STM32F4XX_ENABLE_USART_3=1 STM32F4XX_ENABLE_USART_6=1 STM32F4XX_ENABLE_LED_1=1 STM32F4XX_ENABLE_LED_2=1 STM32F4XX_ENABLE_LED_3=1 STM32F4XX_ENABLE_LED_4=1 USE_STDPERIPH_DRIVER=1 ARM_MULTILIB_ARCH_V7M=1 --with-target-subdir=arm-rtems4.11 --exec-prefix=/home/develop/smbshare/rtems-work/rtems_build/../rtems_stm32f4xx/arm-rtems4.11 --includedir=/home/develop/smbshare/rtems-work/rtems_build/../rtems_stm32f4xx/arm-rtems4.11/include build_alias=i686-pc-linux-gnu host_alias=arm-rtems4.11 target_alias=arm-rtems4.11 --with-project-root=../../ --with-project-top=../../ RTEMS_BSP=stm32f4xx RTEMS_BSP_FAMILY=stm32f4xx CFLAGS=-march=armv7-m -mthumb -mtune=cortex-m4 -O2 -g -fdata-sections -ffunction-sections -Wall -Wmissing-prototypes -Wimplicit-function-declaration -Wstrict-prototypes -Wnested-externs --enable-rtems-root=../ --enable-project-root=../../../stm32f4xx --with-project-top=../../../ --enable-rtemsbsp=stm32f4xx --includedir=/home/develop/smbshare/rtems-work/rtems_build/../rtems_stm32f4xx/arm-rtems4.11/stm32f4xx/lib/include --libdir=/home/develop/smbshare/rtems-work/rtems_build/../rtems_stm32f4xx/arm-rtems4.11/stm32f4xx/lib --cache-file=/dev/null --srcdir=../../../../../rtems/c/src/../../testsuites

## --------- ##
## Platform. ##
## --------- ##

hostname = localhost.localdomain
uname -m = i686
uname -r = 2.6.32-504.12.2.el6.i686
uname -s = Linux
uname -v = #1 SMP Wed Mar 11 19:05:53 UTC 2015

/usr/bin/uname -p = unknown
/bin/uname -X     = unknown

/bin/arch              = i686
/usr/bin/arch -k       = unknown
/usr/convex/getsysinfo = unknown
/usr/bin/hostinfo      = unknown
/bin/machine           = unknown
/usr/bin/oslevel       = unknown
/bin/universe          = unknown

PATH: /home/develop/bin/arm-rtems4.11/bin
PATH: /opt/ecos/gnutools/arm-eabi/bin
PATH: /home/develop/bin/arm-rtems4.11/bin
PATH: /usr/lib/qt-3.3/bin
PATH: /usr/local/bin
PATH: /usr/bin
PATH: /bin
PATH: /usr/local/sbin
PATH: /usr/sbin
PATH: /sbin
PATH: /home/develop/bin


## ----------- ##
## Core tests. ##
## ----------- ##

configure:1927: checking for gmake
configure:1943: found /usr/bin/gmake
configure:1954: result: gmake
configure:2053: checking build system type
configure:2067: result: i686-pc-linux-gnu
configure:2087: checking host system type
configure:2100: result: arm-unknown-rtems4.11
configure:2121: checking rtems target cpu
configure:2130: result: arm
configure:2156: checking for a BSD-compatible install
configure:2224: result: /usr/bin/install -c
configure:2235: checking whether build environment is sane
configure:2290: result: yes
configure:2349: checking for arm-rtems4.11-strip
configure:2365: found /home/develop/bin/arm-rtems4.11/bin/arm-rtems4.11-strip
configure:2376: result: arm-rtems4.11-strip
configure:2441: checking for a thread-safe mkdir -p
configure:2480: result: /bin/mkdir -p
configure:2487: checking for gawk
configure:2503: found /usr/bin/gawk
configure:2514: result: gawk
configure:2525: checking whether gmake sets $(MAKE)
configure:2547: result: yes
configure:2616: checking whether to enable maintainer-specific portions of Makefiles
configure:2625: result: no
configure:2671: checking for RTEMS_BSP
configure:2683: result: stm32f4xx
configure:2711: checking for ../make/custom/stm32f4xx.cfg
configure:2716: result: yes
configure:2746: checking for style of include used by gmake
configure:2774: result: GNU
configure:2809: checking for arm-rtems4.11-gcc
configure:2825: found /home/develop/bin/arm-rtems4.11/bin/arm-rtems4.11-gcc
configure:2836: result: arm-rtems4.11-gcc
configure:2855: checking for arm-rtems4.11-gcc
configure:2882: result: arm-rtems4.11-gcc
configure:3151: checking for C compiler version
configure:3160: arm-rtems4.11-gcc --version >&5
arm-rtems4.11-gcc (GCC) 4.9.3 20150626 (RTEMS 4.11, RSB 6b0d76cc9b43ac5aacb4ed87cabece1aa81c2b83, Newlib 2.2.0.20150423)
Copyright (C) 2015 Free Software Foundation, Inc.
This is free software; see the source for copying conditions.  There is NO
warranty; not even for MERCHANTABILITY or FITNESS FOR A PARTICULAR PURPOSE.

configure:3171: $? = 0
configure:3160: arm-rtems4.11-gcc -v >&5
Using built-in specs.
COLLECT_GCC=arm-rtems4.11-gcc
COLLECT_LTO_WRAPPER=/home/develop/bin/arm-rtems4.11/libexec/gcc/arm-rtems4.11/4.9.3/lto-wrapper
Target: arm-rtems4.11
Configured with: ../gcc-4.9.3/configure --prefix=/home/develop/bin/arm-rtems4.11 --bindir=/home/develop/bin/arm-rtems4.11/bin --exec_prefix=/home/develop/bin/arm-rtems4.11 --includedir=/home/develop/bin/arm-rtems4.11/include --libdir=/home/develop/bin/arm-rtems4.11/lib --libexecdir=/home/develop/bin/arm-rtems4.11/libexec --mandir=/home/develop/bin/arm-rtems4.11/share/man --infodir=/home/develop/bin/arm-rtems4.11/share/info --datadir=/home/develop/bin/arm-rtems4.11/share --build=i686-linux-gnu --host=i686-linux-gnu --target=arm-rtems4.11 --disable-libstdcxx-pch --with-gnu-as --with-gnu-ld --verbose --with-newlib --with-system-zlib --disable-nls --without-included-gettext --disable-win32-registry --enable-version-specific-runtime-libs --disable-lto --enable-newlib-io-c99-formats --enable-newlib-iconv --enable-newlib-iconv-encodings=big5,cp775,cp850,cp852,cp855,cp866,euc_jp,euc_kr,euc_tw,iso_8859_1,iso_8859_10,iso_8859_11,iso_8859_13,iso_8859_14,iso_8859_15,iso_8859_2,iso_8859_3,iso_8859_4,iso_8859_5,iso_8859_6,iso_8859_7,iso_8859_8,iso_8859_9,iso_ir_111,koi8_r,koi8_ru,koi8_u,koi8_uni,ucs_2,ucs_2_internal,ucs_2be,ucs_2le,ucs_4,ucs_4_internal,ucs_4be,ucs_4le,us_ascii,utf_16,utf_16be,utf_16le,utf_8,win_1250,win_1251,win_1252,win_1253,win_1254,win_1255,win_1256,win_1257,win_1258 --enable-threads --disable-plugin --enable-obsolete --enable-libgomp --enable-languages=c,c++
Thread model: rtems
gcc version 4.9.3 20150626 (RTEMS 4.11, RSB 6b0d76cc9b43ac5aacb4ed87cabece1aa81c2b83, Newlib 2.2.0.20150423) (GCC) 
configure:3171: $? = 0
configure:3160: arm-rtems4.11-gcc -V >&5
arm-rtems4.11-gcc: error: unrecognized command line option '-V'
arm-rtems4.11-gcc: fatal error: no input files
compilation terminated.
configure:3171: $? = 1
configure:3160: arm-rtems4.11-gcc -qversion >&5
arm-rtems4.11-gcc: error: unrecognized command line option '-qversion'
arm-rtems4.11-gcc: fatal error: no input files
compilation terminated.
configure:3171: $? = 1
configure:3191: checking whether the C compiler works
configure:3213: arm-rtems4.11-gcc -march=armv7-m -mthumb -mtune=cortex-m4 -O2 -g -fdata-sections -ffunction-sections -Wall -Wmissing-prototypes -Wimplicit-function-declaration -Wstrict-prototypes -Wnested-externs   conftest.c  >&5
conftest.c:11:1: warning: function declaration isn't a prototype [-Wstrict-prototypes]
 main ()
 ^
/home/develop/bin/arm-rtems4.11/lib/gcc/arm-rtems4.11/4.9.3/../../../../arm-rtems4.11/bin/ld: warning: cannot find entry symbol _start; defaulting to 00008000
configure:3217: $? = 0
configure:3265: result: yes
configure:3268: checking for C compiler default output file name
configure:3270: result: a.out
configure:3276: checking for suffix of executables
configure:3283: arm-rtems4.11-gcc -o conftest.exe -march=armv7-m -mthumb -mtune=cortex-m4 -O2 -g -fdata-sections -ffunction-sections -Wall -Wmissing-prototypes -Wimplicit-function-declaration -Wstrict-prototypes -Wnested-externs   conftest.c  >&5
conftest.c:11:1: warning: function declaration isn't a prototype [-Wstrict-prototypes]
 main ()
 ^
/home/develop/bin/arm-rtems4.11/lib/gcc/arm-rtems4.11/4.9.3/../../../../arm-rtems4.11/bin/ld: warning: cannot find entry symbol _start; defaulting to 00008000
configure:3287: $? = 0
configure:3309: result: .exe
configure:3331: checking whether we are cross compiling
configure:3369: result: yes
configure:3374: checking for suffix of object files
configure:3396: arm-rtems4.11-gcc -c -march=armv7-m -mthumb -mtune=cortex-m4 -O2 -g -fdata-sections -ffunction-sections -Wall -Wmissing-prototypes -Wimplicit-function-declaration -Wstrict-prototypes -Wnested-externs  conftest.c >&5
conftest.c:11:1: warning: function declaration isn't a prototype [-Wstrict-prototypes]
 main ()
 ^
configure:3400: $? = 0
configure:3421: result: o
configure:3425: checking whether we are using the GNU C compiler
configure:3444: arm-rtems4.11-gcc -c -march=armv7-m -mthumb -mtune=cortex-m4 -O2 -g -fdata-sections -ffunction-sections -Wall -Wmissing-prototypes -Wimplicit-function-declaration -Wstrict-prototypes -Wnested-externs  conftest.c >&5
conftest.c:11:1: warning: function declaration isn't a prototype [-Wstrict-prototypes]
 main ()
 ^
configure:3444: $? = 0
configure:3453: result: yes
configure:3462: checking whether arm-rtems4.11-gcc accepts -g
configure:3482: arm-rtems4.11-gcc -c -g  conftest.c >&5
configure:3482: $? = 0
configure:3523: result: yes
configure:3540: checking for arm-rtems4.11-gcc option to accept ISO C89
configure:3603: arm-rtems4.11-gcc  -c -march=armv7-m -mthumb -mtune=cortex-m4 -O2 -g -fdata-sections -ffunction-sections -Wall -Wmissing-prototypes -Wimplicit-function-declaration -Wstrict-prototypes -Wnested-externs  conftest.c >&5
conftest.c:15:14: warning: function declaration isn't a prototype [-Wstrict-prototypes]
 static char *e (p, i)
              ^
conftest.c:52:1: warning: function declaration isn't a prototype [-Wstrict-prototypes]
 main ()
 ^
configure:3603: $? = 0
configure:3616: result: none needed
configure:3638: checking dependency style of arm-rtems4.11-gcc
configure:3749: result: gcc3
configure:3769: checking how to run the C preprocessor
configure:3800: arm-rtems4.11-gcc -E  conftest.c
configure:3800: $? = 0
configure:3814: arm-rtems4.11-gcc -E  conftest.c
conftest.c:9:28: fatal error: ac_nonexistent.h: No such file or directory
 #include <ac_nonexistent.h>
                            ^
compilation terminated.
configure:3814: $? = 1
configure: failed program was:
| /* confdefs.h */
| #define PACKAGE_NAME "rtems-c-src-tests"
| #define PACKAGE_TARNAME "rtems-c-src-tests"
| #define PACKAGE_VERSION "4.10.99.0"
| #define PACKAGE_STRING "rtems-c-src-tests 4.10.99.0"
| #define PACKAGE_BUGREPORT "https://devel.rtems.org/newticket"
| #define PACKAGE_URL ""
| /* end confdefs.h.  */
| #include <ac_nonexistent.h>
configure:3839: result: arm-rtems4.11-gcc -E
configure:3859: arm-rtems4.11-gcc -E  conftest.c
configure:3859: $? = 0
configure:3873: arm-rtems4.11-gcc -E  conftest.c
conftest.c:9:28: fatal error: ac_nonexistent.h: No such file or directory
 #include <ac_nonexistent.h>
                            ^
compilation terminated.
configure:3873: $? = 1
configure: failed program was:
| /* confdefs.h */
| #define PACKAGE_NAME "rtems-c-src-tests"
| #define PACKAGE_TARNAME "rtems-c-src-tests"
| #define PACKAGE_VERSION "4.10.99.0"
| #define PACKAGE_STRING "rtems-c-src-tests 4.10.99.0"
| #define PACKAGE_BUGREPORT "https://devel.rtems.org/newticket"
| #define PACKAGE_URL ""
| /* end confdefs.h.  */
| #include <ac_nonexistent.h>
configure:3916: checking for RTEMS_POSIX_API
configure:3930: arm-rtems4.11-gcc -c -march=armv7-m -mthumb -mtune=cortex-m4 -O2 -g -fdata-sections -ffunction-sections -Wall -Wmissing-prototypes -Wimplicit-function-declaration -Wstrict-prototypes -Wnested-externs  -I../../../stm32f4xx/lib/include conftest.c >&5
conftest.c:12:1: error: unknown type name 'choke'
 choke me
 ^
conftest.c:12:1: error: expected '=', ',', ';', 'asm' or '__attribute__' at end of input
configure:3930: $? = 1
configure: failed program was:
| /* confdefs.h */
| #define PACKAGE_NAME "rtems-c-src-tests"
| #define PACKAGE_TARNAME "rtems-c-src-tests"
| #define PACKAGE_VERSION "4.10.99.0"
| #define PACKAGE_STRING "rtems-c-src-tests 4.10.99.0"
| #define PACKAGE_BUGREPORT "https://devel.rtems.org/newticket"
| #define PACKAGE_URL ""
| /* end confdefs.h.  */
| 
| #include <rtems/system.h>
| #ifndef RTEMS_POSIX_API
| choke me
| #endif
| 
configure:3938: result: no
configure:3954: checking for RTEMS_MULTIPROCESSING
configure:3968: arm-rtems4.11-gcc -c -march=armv7-m -mthumb -mtune=cortex-m4 -O2 -g -fdata-sections -ffunction-sections -Wall -Wmissing-prototypes -Wimplicit-function-declaration -Wstrict-prototypes -Wnested-externs  -I../../../stm32f4xx/lib/include conftest.c >&5
conftest.c:12:1: error: unknown type name 'choke'
 choke me
 ^
conftest.c:12:1: error: expected '=', ',', ';', 'asm' or '__attribute__' at end of input
configure:3968: $? = 1
configure: failed program was:
| /* confdefs.h */
| #define PACKAGE_NAME "rtems-c-src-tests"
| #define PACKAGE_TARNAME "rtems-c-src-tests"
| #define PACKAGE_VERSION "4.10.99.0"
| #define PACKAGE_STRING "rtems-c-src-tests 4.10.99.0"
| #define PACKAGE_BUGREPORT "https://devel.rtems.org/newticket"
| #define PACKAGE_URL ""
| /* end confdefs.h.  */
| 
| #include <rtems/system.h>
| #ifndef RTEMS_MULTIPROCESSING
| choke me
| #endif
| 
configure:3976: result: no
configure:3992: checking for RTEMS_NETWORKING
configure:4006: arm-rtems4.11-gcc -c -march=armv7-m -mthumb -mtune=cortex-m4 -O2 -g -fdata-sections -ffunction-sections -Wall -Wmissing-prototypes -Wimplicit-function-declaration -Wstrict-prototypes -Wnested-externs  -I../../../stm32f4xx/lib/include conftest.c >&5
conftest.c:12:1: error: unknown type name 'choke'
 choke me
 ^
conftest.c:12:1: error: expected '=', ',', ';', 'asm' or '__attribute__' at end of input
configure:4006: $? = 1
configure: failed program was:
| /* confdefs.h */
| #define PACKAGE_NAME "rtems-c-src-tests"
| #define PACKAGE_TARNAME "rtems-c-src-tests"
| #define PACKAGE_VERSION "4.10.99.0"
| #define PACKAGE_STRING "rtems-c-src-tests 4.10.99.0"
| #define PACKAGE_BUGREPORT "https://devel.rtems.org/newticket"
| #define PACKAGE_URL ""
| /* end confdefs.h.  */
| 
| #include <rtems/system.h>
| #ifndef RTEMS_NETWORKING
| choke me
| #endif
| 
configure:4014: result: no
configure:4030: checking for RTEMS_SMP
configure:4044: arm-rtems4.11-gcc -c -march=armv7-m -mthumb -mtune=cortex-m4 -O2 -g -fdata-sections -ffunction-sections -Wall -Wmissing-prototypes -Wimplicit-function-declaration -Wstrict-prototypes -Wnested-externs  -I../../../stm32f4xx/lib/include conftest.c >&5
conftest.c:12:1: error: unknown type name 'choke'
 choke me
 ^
conftest.c:12:1: error: expected '=', ',', ';', 'asm' or '__attribute__' at end of input
configure:4044: $? = 1
configure: failed program was:
| /* confdefs.h */
| #define PACKAGE_NAME "rtems-c-src-tests"
| #define PACKAGE_TARNAME "rtems-c-src-tests"
| #define PACKAGE_VERSION "4.10.99.0"
| #define PACKAGE_STRING "rtems-c-src-tests 4.10.99.0"
| #define PACKAGE_BUGREPORT "https://devel.rtems.org/newticket"
| #define PACKAGE_URL ""
| /* end confdefs.h.  */
| 
| #include <rtems/system.h>
| #ifndef RTEMS_SMP
| choke me
| #endif
| 
configure:4052: result: no
configure:4226: checking that generated files are newer than configure
configure:4232: result: done
configure:4259: creating ./config.status

## ---------------------- ##
## Running config.status. ##
## ---------------------- ##

This file was extended by rtems-c-src-tests config.status 4.10.99.0, which was
generated by GNU Autoconf 2.69.  Invocation command line was

  CONFIG_FILES    = 
  CONFIG_HEADERS  = 
  CONFIG_LINKS    = 
  CONFIG_COMMANDS = 
  $ ./config.status 

on localhost.localdomain

config.status:798: creating Makefile
config.status:955: executing depfiles commands
configure:5454: === configuring in samples (/home/develop/smbshare/rtems-work/rtems_build/arm-rtems4.11/c/stm32f4xx/testsuites/samples)
configure:5517: running /bin/sh ../../../../../../rtems/c/src/../../testsuites/samples/configure --disable-option-checking '--prefix=/home/develop/smbshare/rtems-work/rtems_build/../rtems_stm32f4xx'  '--host=arm-rtems4.11' '--build=i686-pc-linux-gnu' '--target=arm-rtems4.11' '--disable-maintainer-mode' '--disable-multiprocessing' '--disable-posix' '--disable-networking' '--enable-cxx' '--enable-tests=samples' '--enable-rtems-debug' '--disable-multilib' '--disable-paravirt' '--disable-drvmgr' '--disable-docs' 'STM32F4XX_FAMILY_STM32F469_479xx=1' 'STM32F4XX_HSE_OSCILLATOR=8000000' 'STM32F4XX_ENABLE_USART_3=1' 'STM32F4XX_ENABLE_USART_6=1' 'STM32F4XX_ENABLE_LED_1=1' 'STM32F4XX_ENABLE_LED_2=1' 'STM32F4XX_ENABLE_LED_3=1' 'STM32F4XX_ENABLE_LED_4=1' 'USE_STDPERIPH_DRIVER=1' 'ARM_MULTILIB_ARCH_V7M=1' '--with-target-subdir=arm-rtems4.11' '--exec-prefix=/home/develop/smbshare/rtems-work/rtems_build/../rtems_stm32f4xx/arm-rtems4.11' '--includedir=/home/develop/smbshare/rtems-work/rtems_build/../rtems_stm32f4xx/arm-rtems4.11/include' 'build_alias=i686-pc-linux-gnu' 'host_alias=arm-rtems4.11' 'target_alias=arm-rtems4.11' '--with-project-root=../../' '--with-project-top=../../' 'RTEMS_BSP=stm32f4xx' 'RTEMS_BSP_FAMILY=stm32f4xx' 'CFLAGS=-march=armv7-m -mthumb -mtune=cortex-m4 -O2 -g -fdata-sections -ffunction-sections -Wall -Wmissing-prototypes -Wimplicit-function-declaration -Wstrict-prototypes -Wnested-externs' '--enable-rtems-root=../' '--enable-project-root=../../../stm32f4xx' '--with-project-top=../../../' '--enable-rtemsbsp=stm32f4xx' '--includedir=/home/develop/smbshare/rtems-work/rtems_build/../rtems_stm32f4xx/arm-rtems4.11/stm32f4xx/lib/include' '--libdir=/home/develop/smbshare/rtems-work/rtems_build/../rtems_stm32f4xx/arm-rtems4.11/stm32f4xx/lib' --cache-file=/dev/null --srcdir=../../../../../../rtems/c/src/../../testsuites/samples

## ---------------- ##
## Cache variables. ##
## ---------------- ##

ac_cv_build=i686-pc-linux-gnu
ac_cv_c_compiler_gnu=yes
ac_cv_env_CC_set=
ac_cv_env_CC_value=
ac_cv_env_CFLAGS_set=set
ac_cv_env_CFLAGS_value='-march=armv7-m -mthumb -mtune=cortex-m4 -O2 -g -fdata-sections -ffunction-sections -Wall -Wmissing-prototypes -Wimplicit-function-declaration -Wstrict-prototypes -Wnested-externs'
ac_cv_env_CPPFLAGS_set=
ac_cv_env_CPPFLAGS_value=
ac_cv_env_CPP_set=
ac_cv_env_CPP_value=
ac_cv_env_LDFLAGS_set=
ac_cv_env_LDFLAGS_value=
ac_cv_env_LIBS_set=
ac_cv_env_LIBS_value=
ac_cv_env_RTEMS_BSP_FAMILY_set=set
ac_cv_env_RTEMS_BSP_FAMILY_value=stm32f4xx
ac_cv_env_RTEMS_BSP_set=set
ac_cv_env_RTEMS_BSP_value=stm32f4xx
ac_cv_env_build_alias_set=set
ac_cv_env_build_alias_value=i686-pc-linux-gnu
ac_cv_env_host_alias_set=set
ac_cv_env_host_alias_value=arm-rtems4.11
ac_cv_env_target_alias_set=set
ac_cv_env_target_alias_value=arm-rtems4.11
ac_cv_exeext=.exe
ac_cv_host=arm-unknown-rtems4.11
ac_cv_objext=o
ac_cv_path_install='/usr/bin/install -c'
ac_cv_path_mkdir=/bin/mkdir
ac_cv_prog_AWK=gawk
ac_cv_prog_CC=arm-rtems4.11-gcc
ac_cv_prog_CPP='arm-rtems4.11-gcc -E'
ac_cv_prog_MAKE=gmake
ac_cv_prog_STRIP=arm-rtems4.11-strip
ac_cv_prog_cc_c89=
ac_cv_prog_cc_g=yes
ac_cv_prog_make_gmake_set=yes
am_cv_CC_dependencies_compiler_type=gcc3
rtems_cv_RTEMS_BSP=stm32f4xx
rtems_cv_RTEMS_MULTIPROCESSING=no
rtems_cv_RTEMS_NETWORKING=no
rtems_cv_RTEMS_POSIX_API=no
rtems_cv_RTEMS_SMP=no

## ----------------- ##
## Output variables. ##
## ----------------- ##

ACLOCAL='${SHELL} /home/develop/smbshare/rtems-work/rtems/missing --run aclocal-1.12'
AMDEPBACKSLASH='\'
AMDEP_FALSE='#'
AMDEP_TRUE=''
AMTAR='$${TAR-tar}'
AUTOCONF='${SHELL} /home/develop/smbshare/rtems-work/rtems/missing --run autoconf'
AUTOHEADER='${SHELL} /home/develop/smbshare/rtems-work/rtems/missing --run autoheader'
AUTOMAKE='${SHELL} /home/develop/smbshare/rtems-work/rtems/missing --run automake-1.12'
AWK='gawk'
BIN2C='$(PROJECT_TOPdir)/tools/build/rtems-bin2c'
CC='arm-rtems4.11-gcc'
CCDEPMODE='depmode=gcc3'
CFLAGS='-march=armv7-m -mthumb -mtune=cortex-m4 -O2 -g -fdata-sections -ffunction-sections -Wall -Wmissing-prototypes -Wimplicit-function-declaration -Wstrict-prototypes -Wnested-externs'
CPP='arm-rtems4.11-gcc -E'
CPPFLAGS=''
CPUKIT_ROOT=''
CYGPATH_W='echo'
DEFS='-DPACKAGE_NAME=\"rtems-c-src-tests\" -DPACKAGE_TARNAME=\"rtems-c-src-tests\" -DPACKAGE_VERSION=\"4.10.99.0\" -DPACKAGE_STRING=\"rtems-c-src-tests\ 4.10.99.0\" -DPACKAGE_BUGREPORT=\"https://devel.rtems.org/newticket\" -DPACKAGE_URL=\"\"'
DEPDIR='.deps'
ECHO_C=''
ECHO_N='-n'
ECHO_T=''
ENDIF='endif'
EXEEXT='.exe'
INSTALL_DATA='${INSTALL} -m 644'
INSTALL_PROGRAM='${INSTALL}'
INSTALL_SCRIPT='${INSTALL}'
INSTALL_STRIP_PROGRAM='$(install_sh) -c -s'
LDFLAGS=''
LIBOBJS=''
LIBS=''
LTLIBOBJS=''
MAINT='#'
MAINTAINER_MODE_FALSE=''
MAINTAINER_MODE_TRUE='#'
MAKE='gmake'
MAKEINFO='${SHELL} /home/develop/smbshare/rtems-work/rtems/missing --run makeinfo'
MKDIR_P='/bin/mkdir -p'
OBJEXT='o'
PACKAGE='rtems-c-src-tests'
PACKAGE_BUGREPORT='https://devel.rtems.org/newticket'
PACKAGE_NAME='rtems-c-src-tests'
PACKAGE_STRING='rtems-c-src-tests 4.10.99.0'
PACKAGE_TARNAME='rtems-c-src-tests'
PACKAGE_URL=''
PACKAGE_VERSION='4.10.99.0'
PACKHEX='$(PROJECT_TOPdir)/tools/build/packhex'
PATH_SEPARATOR=':'
PROJECT_INCLUDE='$(PROJECT_ROOT)/lib/include'
PROJECT_LIB='$(PROJECT_ROOT)/lib'
PROJECT_RELEASE='$(PROJECT_ROOT)'
PROJECT_ROOT='$(top_builddir)/../../../stm32f4xx'
PROJECT_TOPdir='../../../../$(top_builddir)'
RTEMS_BSP='stm32f4xx'
RTEMS_BSP_FAMILY='stm32f4xx'
RTEMS_CPU='arm'
RTEMS_ROOT='$(top_builddir)/../'
RTEMS_TOPdir='..'
SET_MAKE=''
SHELL='/bin/sh'
STRIP='arm-rtems4.11-strip'
VERSION='4.10.99.0'
ac_ct_CC=''
am__EXEEXT_FALSE='#'
am__EXEEXT_TRUE=''
am__fastdepCC_FALSE='#'
am__fastdepCC_TRUE=''
am__include='include'
am__isrc=' -I$(srcdir)'
am__leading_dot='.'
am__nodep='_no'
am__quote=''
am__tar='$${TAR-tar} chof - "$$tardir"'
am__untar='$${TAR-tar} xf -'
bindir='${exec_prefix}/bin'
build='i686-pc-linux-gnu'
build_alias='i686-pc-linux-gnu'
build_cpu='i686'
build_os='linux-gnu'
build_vendor='pc'
datadir='${datarootdir}'
datarootdir='${prefix}/share'
docdir='${datarootdir}/doc/${PACKAGE_TARNAME}'
dvidir='${docdir}'
exec_prefix='/home/develop/smbshare/rtems-work/rtems_build/../rtems_stm32f4xx/arm-rtems4.11'
host='arm-unknown-rtems4.11'
host_alias='arm-rtems4.11'
host_cpu='arm'
host_os='rtems4.11'
host_vendor='unknown'
htmldir='${docdir}'
includedir='/home/develop/smbshare/rtems-work/rtems_build/../rtems_stm32f4xx/arm-rtems4.11/stm32f4xx/lib/include'
infodir='${datarootdir}/info'
install_sh='${SHELL} /home/develop/smbshare/rtems-work/rtems/install-sh'
libdir='/home/develop/smbshare/rtems-work/rtems_build/../rtems_stm32f4xx/arm-rtems4.11/stm32f4xx/lib'
libexecdir='${exec_prefix}/libexec'
localedir='${datarootdir}/locale'
localstatedir='${prefix}/var'
mandir='${datarootdir}/man'
mkdir_p='$(MKDIR_P)'
oldincludedir='/usr/include'
pdfdir='${docdir}'
prefix='/home/develop/smbshare/rtems-work/rtems_build/../rtems_stm32f4xx'
program_transform_name='s,x,x,'
psdir='${docdir}'
rtems_testsdir='$(libdir)/rtems-4.11/tests'
sbindir='${exec_prefix}/sbin'
sharedstatedir='${prefix}/com'
subdirs=' samples'
sysconfdir='${prefix}/etc'
target_alias='arm-rtems4.11'

## ----------- ##
## confdefs.h. ##
## ----------- ##

/* confdefs.h */
#define PACKAGE_NAME "rtems-c-src-tests"
#define PACKAGE_TARNAME "rtems-c-src-tests"
#define PACKAGE_VERSION "4.10.99.0"
#define PACKAGE_STRING "rtems-c-src-tests 4.10.99.0"
#define PACKAGE_BUGREPORT "https://devel.rtems.org/newticket"
#define PACKAGE_URL ""

configure: exit 0
